\BOOKMARK [0][-]{section*.2}{\376\377\000H\000A\000L\000A\000M\000A\000N\000\040\000J\000U\000D\000U\000L}{}% 1
\BOOKMARK [0][-]{section*.4}{\376\377\000L\000E\000M\000B\000A\000R\000\040\000P\000E\000R\000S\000E\000T\000U\000J\000U\000A\000N}{}% 2
\BOOKMARK [0][-]{section*.5}{\376\377\000L\000E\000M\000B\000A\000R\000\040\000P\000E\000R\000N\000Y\000A\000T\000A\000A\000N\000\040\000O\000R\000I\000S\000I\000N\000A\000L\000I\000T\000A\000S}{}% 3
\BOOKMARK [0][-]{section*.6}{\376\377\000L\000E\000M\000B\000A\000R\000\040\000P\000E\000N\000G\000E\000S\000A\000H\000A\000N}{}% 4
\BOOKMARK [0][-]{section*.7}{\376\377\000K\000a\000t\000a\000\040\000P\000e\000n\000g\000a\000n\000t\000a\000r}{}% 5
\BOOKMARK [0][-]{section*.8}{\376\377\000L\000E\000M\000B\000A\000R\000\040\000P\000E\000R\000S\000E\000T\000U\000J\000U\000A\000N\000\040\000P\000U\000B\000L\000I\000K\000A\000S\000I\000\040\000I\000L\000M\000I\000A\000H}{}% 6
\BOOKMARK [0][-]{section*.9}{\376\377\000A\000B\000S\000T\000R\000A\000K}{}% 7
\BOOKMARK [0][-]{section*.10}{\376\377\000D\000a\000f\000t\000a\000r\000\040\000I\000s\000i}{}% 8
\BOOKMARK [0][-]{section*.11}{\376\377\000D\000a\000f\000t\000a\000r\000\040\000G\000a\000m\000b\000a\000r}{}% 9
\BOOKMARK [0][-]{section*.12}{\376\377\000D\000a\000f\000t\000a\000r\000\040\000T\000a\000b\000e\000l}{}% 10
\BOOKMARK [0][-]{chapter.1}{\376\377\0001\000\040\000P\000e\000n\000d\000a\000h\000u\000l\000u\000a\000n}{}% 11
\BOOKMARK [1][-]{section.1.1}{\376\377\0001\000.\0001\000\040\000L\000a\000t\000a\000r\000\040\000B\000e\000l\000a\000k\000a\000n\000g}{chapter.1}% 12
\BOOKMARK [1][-]{section.1.2}{\376\377\0001\000.\0002\000\040\000P\000e\000r\000m\000a\000s\000a\000l\000a\000h\000a\000n}{chapter.1}% 13
\BOOKMARK [2][-]{subsection.1.2.1}{\376\377\0001\000.\0002\000.\0001\000\040\000D\000e\000f\000i\000n\000i\000s\000i\000\040\000P\000e\000r\000m\000a\000s\000a\000l\000a\000h\000a\000n}{section.1.2}% 14
\BOOKMARK [2][-]{subsection.1.2.2}{\376\377\0001\000.\0002\000.\0002\000\040\000B\000a\000t\000a\000s\000a\000n\000\040\000P\000e\000r\000m\000a\000s\000a\000l\000a\000h\000a\000n}{section.1.2}% 15
\BOOKMARK [1][-]{section.1.3}{\376\377\0001\000.\0003\000\040\000T\000u\000j\000u\000a\000n}{chapter.1}% 16
\BOOKMARK [1][-]{section.1.4}{\376\377\0001\000.\0004\000\040\000M\000e\000t\000o\000d\000o\000l\000o\000g\000i\000\040\000P\000e\000n\000e\000l\000i\000t\000i\000a\000n}{chapter.1}% 17
\BOOKMARK [1][-]{section.1.5}{\376\377\0001\000.\0005\000\040\000S\000i\000s\000t\000e\000m\000a\000t\000i\000k\000a\000\040\000P\000e\000n\000u\000l\000i\000s\000a\000n}{chapter.1}% 18
\BOOKMARK [0][-]{chapter.2}{\376\377\0002\000\040\000T\000u\000n\000i\000n\000g\000\040\000H\000y\000p\000e\000r\000v\000i\000s\000o\000r\000\040\000K\000V\000M}{}% 19
\BOOKMARK [1][-]{section.2.1}{\376\377\0002\000.\0001\000\040\000C\000l\000o\000u\000d\000\040\000C\000o\000m\000p\000u\000t\000i\000n\000g}{chapter.2}% 20
\BOOKMARK [1][-]{section.2.2}{\376\377\0002\000.\0002\000\040\000A\000p\000a\000c\000h\000e\000\040\000C\000l\000o\000u\000d\000S\000t\000a\000c\000k}{chapter.2}% 21
\BOOKMARK [1][-]{section.2.3}{\376\377\0002\000.\0003\000\040\000H\000y\000p\000e\000r\000v\000i\000s\000o\000r}{chapter.2}% 22
\BOOKMARK [1][-]{section.2.4}{\376\377\0002\000.\0004\000\040\000K\000V\000M\000\040\000\050\000K\000e\000r\000n\000e\000l\000-\000B\000a\000s\000e\000d\000\040\000V\000i\000r\000t\000u\000a\000l\000\040\000M\000a\000c\000h\000i\000n\000e\000\051}{chapter.2}% 23
\BOOKMARK [1][-]{section.2.5}{\376\377\0002\000.\0005\000\040\000V\000i\000r\000t\000u\000a\000l\000\040\000M\000a\000c\000h\000i\000n\000e}{chapter.2}% 24
\BOOKMARK [1][-]{section.2.6}{\376\377\0002\000.\0006\000\040\000S\000t\000r\000u\000c\000t\000u\000r\000a\000l\000\040\000S\000i\000m\000i\000l\000a\000r\000i\000t\000y\000\040\000I\000n\000d\000e\000x\000\040\000M\000e\000a\000s\000u\000r\000e}{chapter.2}% 25
\BOOKMARK [1][-]{section.2.7}{\376\377\0002\000.\0007\000\040\000v\000i\000r\000s\000h}{chapter.2}% 26
\BOOKMARK [1][-]{section.2.8}{\376\377\0002\000.\0008\000\040\000S\000t\000r\000e\000a\000m\000i\000n\000g\000\040\000S\000I\000M\000D\000\040\000E\000x\000t\000e\000n\000s\000i\000o\000n\000s}{chapter.2}% 27
\BOOKMARK [2][-]{subsection.2.8.1}{\376\377\0002\000.\0008\000.\0001\000\040\000S\000S\000E\0002}{section.2.8}% 28
\BOOKMARK [2][-]{subsection.2.8.2}{\376\377\0002\000.\0008\000.\0002\000\040\000S\000S\000E\0003}{section.2.8}% 29
\BOOKMARK [2][-]{subsection.2.8.3}{\376\377\0002\000.\0008\000.\0003\000\040\000S\000S\000E\0004}{section.2.8}% 30
\BOOKMARK [0][-]{chapter.3}{\376\377\0003\000\040\000M\000e\000t\000o\000d\000e\000\040\000P\000e\000n\000g\000u\000j\000i\000a\000n\000\040\000T\000u\000n\000i\000n\000g\000\040\000H\000y\000p\000e\000r\000v\000i\000s\000o\000r\000\040\000K\000V\000M}{}% 31
\BOOKMARK [1][-]{section.3.1}{\376\377\0003\000.\0001\000\040\000T\000a\000h\000a\000p\000a\000n\000\040\000P\000e\000n\000e\000l\000i\000t\000i\000a\000n}{chapter.3}% 32
\BOOKMARK [1][-]{section.3.2}{\376\377\0003\000.\0002\000\040\000P\000e\000r\000s\000i\000a\000p\000a\000n\000\040\000L\000i\000n\000g\000k\000u\000n\000g\000a\000n\000\040\000u\000n\000t\000u\000k\000\040\000P\000e\000n\000g\000u\000j\000i\000a\000n\000\040\000d\000a\000n\000\040\000A\000n\000a\000l\000i\000s\000i\000s}{chapter.3}% 33
\BOOKMARK [1][-]{section.3.3}{\376\377\0003\000.\0003\000\040\000T\000u\000n\000i\000n\000g\000\040\000H\000y\000p\000e\000r\000v\000i\000s\000o\000r\000\040\000K\000V\000M}{chapter.3}% 34
\BOOKMARK [1][-]{section.3.4}{\376\377\0003\000.\0004\000\040\000P\000e\000n\000g\000u\000j\000i\000a\000n\000\040\000K\000o\000m\000p\000r\000e\000s\000i\000\040\000V\000i\000d\000e\000o\000\040\000D\000e\000n\000g\000a\000n\000\040\000H\000a\000n\000d\000B\000r\000a\000k\000e}{chapter.3}% 35
\BOOKMARK [1][-]{section.3.5}{\376\377\0003\000.\0005\000\040\000A\000n\000a\000l\000i\000s\000i\000s\000\040\000P\000e\000n\000g\000u\000j\000i\000a\000n}{chapter.3}% 36
\BOOKMARK [0][-]{section.3.5}{\376\377\000D\000a\000f\000t\000a\000r\000\040\000R\000e\000f\000e\000r\000e\000n\000s\000i}{}% 37
